<?xml version="1.0" encoding="UTF-8" ?>
<testsuite failures="0" time="0.204" errors="1" skipped="0" tests="5" name="cc.aileron.peg.test.PegTest">
  <properties>
[...]
</properties>
  <testcase time="0.024" classname="cc.aileron.peg.test.PegTest" name="date"/>
  <testcase time="0.004" classname="cc.aileron.peg.test.PegTest" name="nc"/>
  <testcase time="0.011" classname="cc.aileron.peg.test.PegTest" name="rpn"/>
  <testcase time="0.006" classname="cc.aileron.peg.test.PegTest" name="sexpr">
    <error type="java.lang.NullPointerException">java.lang.NullPointerException
	at cc.aileron.peg.Peg$10.parse(Peg.java:337)
	at cc.aileron.peg.Peg$14.parse(Peg.java:489)
	at cc.aileron.peg.Peg$16.parse(Peg.java:576)
	at cc.aileron.peg.Peg$4.parse(Peg.java:120)
	at cc.aileron.peg.Peg$14.parse(Peg.java:489)
	at cc.aileron.peg.Peg$16.parse(Peg.java:576)
	at cc.aileron.peg.Peg$14.parse(Peg.java:489)
	at cc.aileron.peg.Peg$16.parse(Peg.java:576)
	at cc.aileron.peg.test.PegTest$2.parse(PegTest.java:187)
	at cc.aileron.peg.Peg.parse(Peg.java:459)
	at cc.aileron.peg.test.PegTest.sexpr(PegTest.java:206)
	at sun.reflect.NativeMethodAccessorImpl.invoke0(Native Method)
	at sun.reflect.NativeMethodAccessorImpl.invoke(NativeMethodAccessorImpl.java:39)
	at sun.reflect.DelegatingMethodAccessorImpl.invoke(DelegatingMethodAccessorImpl.java:25)
	at java.lang.reflect.Method.invoke(Method.java:597)
	at org.junit.runners.model.FrameworkMethod$1.runReflectiveCall(FrameworkMethod.java:44)
	at org.junit.internal.runners.model.ReflectiveCallable.run(ReflectiveCallable.java:15)
	at org.junit.runners.model.FrameworkMethod.invokeExplosively(FrameworkMethod.java:41)
	at org.junit.internal.runners.statements.InvokeMethod.evaluate(InvokeMethod.java:20)
	at org.junit.runners.BlockJUnit4ClassRunner.runNotIgnored(BlockJUnit4ClassRunner.java:79)
	at org.junit.runners.BlockJUnit4ClassRunner.runChild(BlockJUnit4ClassRunner.java:71)
	at org.junit.runners.BlockJUnit4ClassRunner.runChild(BlockJUnit4ClassRunner.java:49)
	at org.junit.runners.ParentRunner$3.run(ParentRunner.java:193)
	at org.junit.runners.ParentRunner$1.schedule(ParentRunner.java:52)
	at org.junit.runners.ParentRunner.runChildren(ParentRunner.java:191)
	at org.junit.runners.ParentRunner.access$000(ParentRunner.java:42)
	at org.junit.runners.ParentRunner$2.evaluate(ParentRunner.java:184)
	at org.junit.runners.ParentRunner.run(ParentRunner.java:236)
	at org.apache.maven.surefire.junit4.JUnit4TestSet.execute(JUnit4TestSet.java:59)
	at org.apache.maven.surefire.suite.AbstractDirectoryTestSuite.executeTestSet(AbstractDirectoryTestSuite.java:120)
	at org.apache.maven.surefire.suite.AbstractDirectoryTestSuite.execute(AbstractDirectoryTestSuite.java:103)
	at org.apache.maven.surefire.Surefire.run(Surefire.java:169)
	at sun.reflect.NativeMethodAccessorImpl.invoke0(Native Method)
	at sun.reflect.NativeMethodAccessorImpl.invoke(NativeMethodAccessorImpl.java:39)
	at sun.reflect.DelegatingMethodAccessorImpl.invoke(DelegatingMethodAccessorImpl.java:25)
	at java.lang.reflect.Method.invoke(Method.java:597)
	at org.apache.maven.surefire.booter.SurefireBooter.runSuitesInProcess(SurefireBooter.java:350)
	at org.apache.maven.surefire.booter.SurefireBooter.main(SurefireBooter.java:1021)
</error>
  </testcase>
  <testcase time="0.003" classname="cc.aileron.peg.test.PegTest" name="spec"/>
</testsuite>